[14-Nov-2016 08:14:12 UTC] PHP Notice:  Undefined index: logout in /var/www/html/include/top.php on line 86
[14-Nov-2016 08:14:12 UTC] PHP Stack trace:
[14-Nov-2016 08:14:12 UTC] PHP   1. {main}() /var/www/html/tribe_mng/view_tribe.php:0
[14-Nov-2016 08:14:12 UTC] PHP   2. include() /var/www/html/tribe_mng/view_tribe.php:34
[14-Nov-2016 08:14:12 UTC] PHP Notice:  Undefined index: A in /var/www/html/tribe_mng/view_tribe.php on line 49
[14-Nov-2016 08:14:12 UTC] PHP Stack trace:
[14-Nov-2016 08:14:12 UTC] PHP   1. {main}() /var/www/html/tribe_mng/view_tribe.php:0
[14-Nov-2016 08:14:12 UTC] PHP Notice:  Undefined index: A in /var/www/html/tribe_mng/view_tribe.php on line 50
[14-Nov-2016 08:14:12 UTC] PHP Stack trace:
[14-Nov-2016 08:14:12 UTC] PHP   1. {main}() /var/www/html/tribe_mng/view_tribe.php:0
[14-Nov-2016 08:14:12 UTC] PHP Notice:  Undefined index: A in /var/www/html/tribe_mng/view_tribe.php on line 51
[14-Nov-2016 08:14:12 UTC] PHP Stack trace:
[14-Nov-2016 08:14:12 UTC] PHP   1. {main}() /var/www/html/tribe_mng/view_tribe.php:0
[14-Nov-2016 08:14:12 UTC] PHP Notice:  Undefined index: city in /var/www/html/tribe_mng/view_tribe.php on line 72
[14-Nov-2016 08:14:12 UTC] PHP Stack trace:
[14-Nov-2016 08:14:12 UTC] PHP   1. {main}() /var/www/html/tribe_mng/view_tribe.php:0
[14-Nov-2016 08:14:12 UTC] PHP Notice:  Undefined index: city in /var/www/html/tribe_mng/view_tribe.php on line 72
[14-Nov-2016 08:14:12 UTC] PHP Stack trace:
[14-Nov-2016 08:14:12 UTC] PHP   1. {main}() /var/www/html/tribe_mng/view_tribe.php:0
[14-Nov-2016 08:14:12 UTC] PHP Notice:  Undefined index: city in /var/www/html/tribe_mng/view_tribe.php on line 72
[14-Nov-2016 08:14:12 UTC] PHP Stack trace:
[14-Nov-2016 08:14:12 UTC] PHP   1. {main}() /var/www/html/tribe_mng/view_tribe.php:0
[14-Nov-2016 08:14:12 UTC] PHP Notice:  Undefined index: city in /var/www/html/tribe_mng/view_tribe.php on line 72
[14-Nov-2016 08:14:12 UTC] PHP Stack trace:
[14-Nov-2016 08:14:12 UTC] PHP   1. {main}() /var/www/html/tribe_mng/view_tribe.php:0
[14-Nov-2016 08:14:12 UTC] PHP Notice:  Undefined index: city in /var/www/html/tribe_mng/view_tribe.php on line 72
[14-Nov-2016 08:14:12 UTC] PHP Stack trace:
[14-Nov-2016 08:14:12 UTC] PHP   1. {main}() /var/www/html/tribe_mng/view_tribe.php:0
[14-Nov-2016 08:14:12 UTC] PHP Notice:  Undefined index: city in /var/www/html/tribe_mng/view_tribe.php on line 72
[14-Nov-2016 08:14:12 UTC] PHP Stack trace:
[14-Nov-2016 08:14:12 UTC] PHP   1. {main}() /var/www/html/tribe_mng/view_tribe.php:0
[14-Nov-2016 08:14:12 UTC] PHP Notice:  Undefined index: city in /var/www/html/tribe_mng/view_tribe.php on line 72
[14-Nov-2016 08:14:12 UTC] PHP Stack trace:
[14-Nov-2016 08:14:12 UTC] PHP   1. {main}() /var/www/html/tribe_mng/view_tribe.php:0
[14-Nov-2016 08:14:12 UTC] PHP Notice:  Undefined index: city in /var/www/html/tribe_mng/view_tribe.php on line 72
[14-Nov-2016 08:14:12 UTC] PHP Stack trace:
[14-Nov-2016 08:14:12 UTC] PHP   1. {main}() /var/www/html/tribe_mng/view_tribe.php:0
[14-Nov-2016 08:14:12 UTC] PHP Notice:  Undefined index: city in /var/www/html/tribe_mng/view_tribe.php on line 72
[14-Nov-2016 08:14:12 UTC] PHP Stack trace:
[14-Nov-2016 08:14:12 UTC] PHP   1. {main}() /var/www/html/tribe_mng/view_tribe.php:0
[14-Nov-2016 08:14:12 UTC] PHP Notice:  Undefined index: city in /var/www/html/tribe_mng/view_tribe.php on line 72
[14-Nov-2016 08:14:12 UTC] PHP Stack trace:
[14-Nov-2016 08:14:12 UTC] PHP   1. {main}() /var/www/html/tribe_mng/view_tribe.php:0
[14-Nov-2016 08:14:12 UTC] PHP Notice:  Undefined index: city in /var/www/html/tribe_mng/view_tribe.php on line 72
[14-Nov-2016 08:14:12 UTC] PHP Stack trace:
[14-Nov-2016 08:14:12 UTC] PHP   1. {main}() /var/www/html/tribe_mng/view_tribe.php:0
[14-Nov-2016 08:14:12 UTC] PHP Notice:  Undefined index: city in /var/www/html/tribe_mng/view_tribe.php on line 72
[14-Nov-2016 08:14:12 UTC] PHP Stack trace:
[14-Nov-2016 08:14:12 UTC] PHP   1. {main}() /var/www/html/tribe_mng/view_tribe.php:0
[14-Nov-2016 08:14:12 UTC] PHP Notice:  Undefined index: city in /var/www/html/tribe_mng/view_tribe.php on line 72
[14-Nov-2016 08:14:12 UTC] PHP Stack trace:
[14-Nov-2016 08:14:12 UTC] PHP   1. {main}() /var/www/html/tribe_mng/view_tribe.php:0
[14-Nov-2016 08:14:12 UTC] PHP Notice:  Undefined index: city in /var/www/html/tribe_mng/view_tribe.php on line 72
[14-Nov-2016 08:14:12 UTC] PHP Stack trace:
[14-Nov-2016 08:14:12 UTC] PHP   1. {main}() /var/www/html/tribe_mng/view_tribe.php:0
[14-Nov-2016 08:14:12 UTC] PHP Notice:  Undefined index: city in /var/www/html/tribe_mng/view_tribe.php on line 72
[14-Nov-2016 08:14:12 UTC] PHP Stack trace:
[14-Nov-2016 08:14:12 UTC] PHP   1. {main}() /var/www/html/tribe_mng/view_tribe.php:0
[14-Nov-2016 08:14:12 UTC] PHP Notice:  Undefined index: city in /var/www/html/tribe_mng/view_tribe.php on line 72
[14-Nov-2016 08:14:12 UTC] PHP Stack trace:
[14-Nov-2016 08:14:12 UTC] PHP   1. {main}() /var/www/html/tribe_mng/view_tribe.php:0
[14-Nov-2016 08:14:12 UTC] PHP Notice:  Undefined index: city in /var/www/html/tribe_mng/view_tribe.php on line 72
[14-Nov-2016 08:14:12 UTC] PHP Stack trace:
[14-Nov-2016 08:14:12 UTC] PHP   1. {main}() /var/www/html/tribe_mng/view_tribe.php:0
[14-Nov-2016 08:14:12 UTC] PHP Notice:  Undefined index: city in /var/www/html/tribe_mng/view_tribe.php on line 72
[14-Nov-2016 08:14:12 UTC] PHP Stack trace:
[14-Nov-2016 08:14:12 UTC] PHP   1. {main}() /var/www/html/tribe_mng/view_tribe.php:0
[14-Nov-2016 08:14:12 UTC] PHP Notice:  Undefined index: city in /var/www/html/tribe_mng/view_tribe.php on line 72
[14-Nov-2016 08:14:12 UTC] PHP Stack trace:
[14-Nov-2016 08:14:12 UTC] PHP   1. {main}() /var/www/html/tribe_mng/view_tribe.php:0
[14-Nov-2016 08:14:12 UTC] PHP Notice:  Undefined index: city in /var/www/html/tribe_mng/view_tribe.php on line 72
[14-Nov-2016 08:14:12 UTC] PHP Stack trace:
[14-Nov-2016 08:14:12 UTC] PHP   1. {main}() /var/www/html/tribe_mng/view_tribe.php:0
[14-Nov-2016 08:14:12 UTC] PHP Notice:  Undefined index: city in /var/www/html/tribe_mng/view_tribe.php on line 131
[14-Nov-2016 08:14:12 UTC] PHP Stack trace:
[14-Nov-2016 08:14:12 UTC] PHP   1. {main}() /var/www/html/tribe_mng/view_tribe.php:0
[14-Nov-2016 08:14:12 UTC] PHP Notice:  Undefined index: town in /var/www/html/tribe_mng/view_tribe.php on line 132
[14-Nov-2016 08:14:12 UTC] PHP Stack trace:
[14-Nov-2016 08:14:12 UTC] PHP   1. {main}() /var/www/html/tribe_mng/view_tribe.php:0
[14-Nov-2016 08:14:12 UTC] PHP Notice:  Undefined index: A in /var/www/html/tribe_mng/view_tribe.php on line 133
[14-Nov-2016 08:14:12 UTC] PHP Stack trace:
[14-Nov-2016 08:14:12 UTC] PHP   1. {main}() /var/www/html/tribe_mng/view_tribe.php:0
[14-Nov-2016 08:14:12 UTC] PHP Warning:  date(): It is not safe to rely on the system's timezone settings. You are *required* to use the date.timezone setting or the date_default_timezone_set() function. In case you used any of those methods and you are still getting this warning, you most likely misspelled the timezone identifier. We selected the timezone 'UTC' for now, but please set date.timezone to select your timezone. in /var/www/html/include/bottom.php on line 3
[14-Nov-2016 08:14:12 UTC] PHP Stack trace:
[14-Nov-2016 08:14:12 UTC] PHP   1. {main}() /var/www/html/tribe_mng/view_tribe.php:0
[14-Nov-2016 08:14:12 UTC] PHP   2. include() /var/www/html/tribe_mng/view_tribe.php:234
[14-Nov-2016 08:14:12 UTC] PHP   3. date() /var/www/html/include/bottom.php:3
[15-Nov-2016 01:11:42 UTC] PHP Notice:  Undefined index: logout in /var/www/html/include/top.php on line 86
[15-Nov-2016 01:11:42 UTC] PHP Stack trace:
[15-Nov-2016 01:11:42 UTC] PHP   1. {main}() /var/www/html/tribe_mng/view_tribe.php:0
[15-Nov-2016 01:11:42 UTC] PHP   2. include() /var/www/html/tribe_mng/view_tribe.php:34
[15-Nov-2016 01:11:42 UTC] PHP Notice:  Undefined index: A in /var/www/html/tribe_mng/view_tribe.php on line 49
[15-Nov-2016 01:11:42 UTC] PHP Stack trace:
[15-Nov-2016 01:11:42 UTC] PHP   1. {main}() /var/www/html/tribe_mng/view_tribe.php:0
[15-Nov-2016 01:11:42 UTC] PHP Notice:  Undefined index: A in /var/www/html/tribe_mng/view_tribe.php on line 50
[15-Nov-2016 01:11:42 UTC] PHP Stack trace:
[15-Nov-2016 01:11:42 UTC] PHP   1. {main}() /var/www/html/tribe_mng/view_tribe.php:0
[15-Nov-2016 01:11:42 UTC] PHP Notice:  Undefined index: A in /var/www/html/tribe_mng/view_tribe.php on line 51
[15-Nov-2016 01:11:42 UTC] PHP Stack trace:
[15-Nov-2016 01:11:42 UTC] PHP   1. {main}() /var/www/html/tribe_mng/view_tribe.php:0
[15-Nov-2016 01:11:42 UTC] PHP Notice:  Undefined index: city in /var/www/html/tribe_mng/view_tribe.php on line 72
[15-Nov-2016 01:11:42 UTC] PHP Stack trace:
[15-Nov-2016 01:11:42 UTC] PHP   1. {main}() /var/www/html/tribe_mng/view_tribe.php:0
[15-Nov-2016 01:11:42 UTC] PHP Notice:  Undefined index: city in /var/www/html/tribe_mng/view_tribe.php on line 72
[15-Nov-2016 01:11:42 UTC] PHP Stack trace:
[15-Nov-2016 01:11:42 UTC] PHP   1. {main}() /var/www/html/tribe_mng/view_tribe.php:0
[15-Nov-2016 01:11:42 UTC] PHP Notice:  Undefined index: city in /var/www/html/tribe_mng/view_tribe.php on line 72
[15-Nov-2016 01:11:42 UTC] PHP Stack trace:
[15-Nov-2016 01:11:42 UTC] PHP   1. {main}() /var/www/html/tribe_mng/view_tribe.php:0
[15-Nov-2016 01:11:42 UTC] PHP Notice:  Undefined index: city in /var/www/html/tribe_mng/view_tribe.php on line 72
[15-Nov-2016 01:11:42 UTC] PHP Stack trace:
[15-Nov-2016 01:11:42 UTC] PHP   1. {main}() /var/www/html/tribe_mng/view_tribe.php:0
[15-Nov-2016 01:11:42 UTC] PHP Notice:  Undefined index: city in /var/www/html/tribe_mng/view_tribe.php on line 72
[15-Nov-2016 01:11:42 UTC] PHP Stack trace:
[15-Nov-2016 01:11:42 UTC] PHP   1. {main}() /var/www/html/tribe_mng/view_tribe.php:0
[15-Nov-2016 01:11:42 UTC] PHP Notice:  Undefined index: city in /var/www/html/tribe_mng/view_tribe.php on line 72
[15-Nov-2016 01:11:42 UTC] PHP Stack trace:
[15-Nov-2016 01:11:42 UTC] PHP   1. {main}() /var/www/html/tribe_mng/view_tribe.php:0
[15-Nov-2016 01:11:42 UTC] PHP Notice:  Undefined index: city in /var/www/html/tribe_mng/view_tribe.php on line 72
[15-Nov-2016 01:11:42 UTC] PHP Stack trace:
[15-Nov-2016 01:11:42 UTC] PHP   1. {main}() /var/www/html/tribe_mng/view_tribe.php:0
[15-Nov-2016 01:11:42 UTC] PHP Notice:  Undefined index: city in /var/www/html/tribe_mng/view_tribe.php on line 72
[15-Nov-2016 01:11:42 UTC] PHP Stack trace:
[15-Nov-2016 01:11:42 UTC] PHP   1. {main}() /var/www/html/tribe_mng/view_tribe.php:0
[15-Nov-2016 01:11:42 UTC] PHP Notice:  Undefined index: city in /var/www/html/tribe_mng/view_tribe.php on line 72
[15-Nov-2016 01:11:42 UTC] PHP Stack trace:
[15-Nov-2016 01:11:42 UTC] PHP   1. {main}() /var/www/html/tribe_mng/view_tribe.php:0
[15-Nov-2016 01:11:42 UTC] PHP Notice:  Undefined index: city in /var/www/html/tribe_mng/view_tribe.php on line 72
[15-Nov-2016 01:11:42 UTC] PHP Stack trace:
[15-Nov-2016 01:11:42 UTC] PHP   1. {main}() /var/www/html/tribe_mng/view_tribe.php:0
[15-Nov-2016 01:11:42 UTC] PHP Notice:  Undefined index: city in /var/www/html/tribe_mng/view_tribe.php on line 72
[15-Nov-2016 01:11:42 UTC] PHP Stack trace:
[15-Nov-2016 01:11:42 UTC] PHP   1. {main}() /var/www/html/tribe_mng/view_tribe.php:0
[15-Nov-2016 01:11:42 UTC] PHP Notice:  Undefined index: city in /var/www/html/tribe_mng/view_tribe.php on line 72
[15-Nov-2016 01:11:42 UTC] PHP Stack trace:
[15-Nov-2016 01:11:42 UTC] PHP   1. {main}() /var/www/html/tribe_mng/view_tribe.php:0
[15-Nov-2016 01:11:42 UTC] PHP Notice:  Undefined index: city in /var/www/html/tribe_mng/view_tribe.php on line 72
[15-Nov-2016 01:11:42 UTC] PHP Stack trace:
[15-Nov-2016 01:11:42 UTC] PHP   1. {main}() /var/www/html/tribe_mng/view_tribe.php:0
[15-Nov-2016 01:11:42 UTC] PHP Notice:  Undefined index: city in /var/www/html/tribe_mng/view_tribe.php on line 72
[15-Nov-2016 01:11:42 UTC] PHP Stack trace:
[15-Nov-2016 01:11:42 UTC] PHP   1. {main}() /var/www/html/tribe_mng/view_tribe.php:0
[15-Nov-2016 01:11:42 UTC] PHP Notice:  Undefined index: city in /var/www/html/tribe_mng/view_tribe.php on line 72
[15-Nov-2016 01:11:42 UTC] PHP Stack trace:
[15-Nov-2016 01:11:42 UTC] PHP   1. {main}() /var/www/html/tribe_mng/view_tribe.php:0
[15-Nov-2016 01:11:42 UTC] PHP Notice:  Undefined index: city in /var/www/html/tribe_mng/view_tribe.php on line 72
[15-Nov-2016 01:11:42 UTC] PHP Stack trace:
[15-Nov-2016 01:11:42 UTC] PHP   1. {main}() /var/www/html/tribe_mng/view_tribe.php:0
[15-Nov-2016 01:11:42 UTC] PHP Notice:  Undefined index: city in /var/www/html/tribe_mng/view_tribe.php on line 72
[15-Nov-2016 01:11:42 UTC] PHP Stack trace:
[15-Nov-2016 01:11:42 UTC] PHP   1. {main}() /var/www/html/tribe_mng/view_tribe.php:0
[15-Nov-2016 01:11:42 UTC] PHP Notice:  Undefined index: city in /var/www/html/tribe_mng/view_tribe.php on line 72
[15-Nov-2016 01:11:42 UTC] PHP Stack trace:
[15-Nov-2016 01:11:42 UTC] PHP   1. {main}() /var/www/html/tribe_mng/view_tribe.php:0
[15-Nov-2016 01:11:42 UTC] PHP Notice:  Undefined index: city in /var/www/html/tribe_mng/view_tribe.php on line 72
[15-Nov-2016 01:11:42 UTC] PHP Stack trace:
[15-Nov-2016 01:11:42 UTC] PHP   1. {main}() /var/www/html/tribe_mng/view_tribe.php:0
[15-Nov-2016 01:11:42 UTC] PHP Notice:  Undefined index: city in /var/www/html/tribe_mng/view_tribe.php on line 72
[15-Nov-2016 01:11:42 UTC] PHP Stack trace:
[15-Nov-2016 01:11:42 UTC] PHP   1. {main}() /var/www/html/tribe_mng/view_tribe.php:0
[15-Nov-2016 01:11:42 UTC] PHP Notice:  Undefined index: city in /var/www/html/tribe_mng/view_tribe.php on line 131
[15-Nov-2016 01:11:42 UTC] PHP Stack trace:
[15-Nov-2016 01:11:42 UTC] PHP   1. {main}() /var/www/html/tribe_mng/view_tribe.php:0
[15-Nov-2016 01:11:42 UTC] PHP Notice:  Undefined index: town in /var/www/html/tribe_mng/view_tribe.php on line 132
[15-Nov-2016 01:11:42 UTC] PHP Stack trace:
[15-Nov-2016 01:11:42 UTC] PHP   1. {main}() /var/www/html/tribe_mng/view_tribe.php:0
[15-Nov-2016 01:11:42 UTC] PHP Notice:  Undefined index: A in /var/www/html/tribe_mng/view_tribe.php on line 133
[15-Nov-2016 01:11:42 UTC] PHP Stack trace:
[15-Nov-2016 01:11:42 UTC] PHP   1. {main}() /var/www/html/tribe_mng/view_tribe.php:0
[15-Nov-2016 01:11:43 UTC] PHP Warning:  date(): It is not safe to rely on the system's timezone settings. You are *required* to use the date.timezone setting or the date_default_timezone_set() function. In case you used any of those methods and you are still getting this warning, you most likely misspelled the timezone identifier. We selected the timezone 'UTC' for now, but please set date.timezone to select your timezone. in /var/www/html/include/bottom.php on line 3
[15-Nov-2016 01:11:43 UTC] PHP Stack trace:
[15-Nov-2016 01:11:43 UTC] PHP   1. {main}() /var/www/html/tribe_mng/view_tribe.php:0
[15-Nov-2016 01:11:43 UTC] PHP   2. include() /var/www/html/tribe_mng/view_tribe.php:234
[15-Nov-2016 01:11:43 UTC] PHP   3. date() /var/www/html/include/bottom.php:3
[15-Nov-2016 01:32:34 UTC] PHP Notice:  Undefined index: logout in /var/www/html/include/top.php on line 86
[15-Nov-2016 01:32:34 UTC] PHP Stack trace:
[15-Nov-2016 01:32:34 UTC] PHP   1. {main}() /var/www/html/tribe_mng/view_tribe.php:0
[15-Nov-2016 01:32:34 UTC] PHP   2. include() /var/www/html/tribe_mng/view_tribe.php:34
[15-Nov-2016 01:32:34 UTC] PHP Notice:  Undefined index: A in /var/www/html/tribe_mng/view_tribe.php on line 49
[15-Nov-2016 01:32:34 UTC] PHP Stack trace:
[15-Nov-2016 01:32:34 UTC] PHP   1. {main}() /var/www/html/tribe_mng/view_tribe.php:0
[15-Nov-2016 01:32:34 UTC] PHP Notice:  Undefined index: A in /var/www/html/tribe_mng/view_tribe.php on line 50
[15-Nov-2016 01:32:34 UTC] PHP Stack trace:
[15-Nov-2016 01:32:34 UTC] PHP   1. {main}() /var/www/html/tribe_mng/view_tribe.php:0
[15-Nov-2016 01:32:34 UTC] PHP Notice:  Undefined index: A in /var/www/html/tribe_mng/view_tribe.php on line 51
[15-Nov-2016 01:32:34 UTC] PHP Stack trace:
[15-Nov-2016 01:32:34 UTC] PHP   1. {main}() /var/www/html/tribe_mng/view_tribe.php:0
[15-Nov-2016 01:32:34 UTC] PHP Notice:  Undefined index: city in /var/www/html/tribe_mng/view_tribe.php on line 72
[15-Nov-2016 01:32:34 UTC] PHP Stack trace:
[15-Nov-2016 01:32:34 UTC] PHP   1. {main}() /var/www/html/tribe_mng/view_tribe.php:0
[15-Nov-2016 01:32:34 UTC] PHP Notice:  Undefined index: city in /var/www/html/tribe_mng/view_tribe.php on line 72
[15-Nov-2016 01:32:34 UTC] PHP Stack trace:
[15-Nov-2016 01:32:34 UTC] PHP   1. {main}() /var/www/html/tribe_mng/view_tribe.php:0
[15-Nov-2016 01:32:34 UTC] PHP Notice:  Undefined index: city in /var/www/html/tribe_mng/view_tribe.php on line 72
[15-Nov-2016 01:32:34 UTC] PHP Stack trace:
[15-Nov-2016 01:32:34 UTC] PHP   1. {main}() /var/www/html/tribe_mng/view_tribe.php:0
[15-Nov-2016 01:32:34 UTC] PHP Notice:  Undefined index: city in /var/www/html/tribe_mng/view_tribe.php on line 72
[15-Nov-2016 01:32:34 UTC] PHP Stack trace:
[15-Nov-2016 01:32:34 UTC] PHP   1. {main}() /var/www/html/tribe_mng/view_tribe.php:0
[15-Nov-2016 01:32:34 UTC] PHP Notice:  Undefined index: city in /var/www/html/tribe_mng/view_tribe.php on line 72
[15-Nov-2016 01:32:34 UTC] PHP Stack trace:
[15-Nov-2016 01:32:34 UTC] PHP   1. {main}() /var/www/html/tribe_mng/view_tribe.php:0
[15-Nov-2016 01:32:34 UTC] PHP Notice:  Undefined index: city in /var/www/html/tribe_mng/view_tribe.php on line 72
[15-Nov-2016 01:32:34 UTC] PHP Stack trace:
[15-Nov-2016 01:32:34 UTC] PHP   1. {main}() /var/www/html/tribe_mng/view_tribe.php:0
[15-Nov-2016 01:32:34 UTC] PHP Notice:  Undefined index: city in /var/www/html/tribe_mng/view_tribe.php on line 72
[15-Nov-2016 01:32:34 UTC] PHP Stack trace:
[15-Nov-2016 01:32:34 UTC] PHP   1. {main}() /var/www/html/tribe_mng/view_tribe.php:0
[15-Nov-2016 01:32:34 UTC] PHP Notice:  Undefined index: city in /var/www/html/tribe_mng/view_tribe.php on line 72
[15-Nov-2016 01:32:34 UTC] PHP Stack trace:
[15-Nov-2016 01:32:34 UTC] PHP   1. {main}() /var/www/html/tribe_mng/view_tribe.php:0
[15-Nov-2016 01:32:34 UTC] PHP Notice:  Undefined index: city in /var/www/html/tribe_mng/view_tribe.php on line 72
[15-Nov-2016 01:32:34 UTC] PHP Stack trace:
[15-Nov-2016 01:32:34 UTC] PHP   1. {main}() /var/www/html/tribe_mng/view_tribe.php:0
[15-Nov-2016 01:32:34 UTC] PHP Notice:  Undefined index: city in /var/www/html/tribe_mng/view_tribe.php on line 72
[15-Nov-2016 01:32:34 UTC] PHP Stack trace:
[15-Nov-2016 01:32:34 UTC] PHP   1. {main}() /var/www/html/tribe_mng/view_tribe.php:0
[15-Nov-2016 01:32:34 UTC] PHP Notice:  Undefined index: city in /var/www/html/tribe_mng/view_tribe.php on line 72
[15-Nov-2016 01:32:34 UTC] PHP Stack trace:
[15-Nov-2016 01:32:34 UTC] PHP   1. {main}() /var/www/html/tribe_mng/view_tribe.php:0
[15-Nov-2016 01:32:34 UTC] PHP Notice:  Undefined index: city in /var/www/html/tribe_mng/view_tribe.php on line 72
[15-Nov-2016 01:32:34 UTC] PHP Stack trace:
[15-Nov-2016 01:32:34 UTC] PHP   1. {main}() /var/www/html/tribe_mng/view_tribe.php:0
[15-Nov-2016 01:32:34 UTC] PHP Notice:  Undefined index: city in /var/www/html/tribe_mng/view_tribe.php on line 72
[15-Nov-2016 01:32:34 UTC] PHP Stack trace:
[15-Nov-2016 01:32:34 UTC] PHP   1. {main}() /var/www/html/tribe_mng/view_tribe.php:0
[15-Nov-2016 01:32:34 UTC] PHP Notice:  Undefined index: city in /var/www/html/tribe_mng/view_tribe.php on line 72
[15-Nov-2016 01:32:34 UTC] PHP Stack trace:
[15-Nov-2016 01:32:34 UTC] PHP   1. {main}() /var/www/html/tribe_mng/view_tribe.php:0
[15-Nov-2016 01:32:34 UTC] PHP Notice:  Undefined index: city in /var/www/html/tribe_mng/view_tribe.php on line 72
[15-Nov-2016 01:32:34 UTC] PHP Stack trace:
[15-Nov-2016 01:32:34 UTC] PHP   1. {main}() /var/www/html/tribe_mng/view_tribe.php:0
[15-Nov-2016 01:32:34 UTC] PHP Notice:  Undefined index: city in /var/www/html/tribe_mng/view_tribe.php on line 72
[15-Nov-2016 01:32:34 UTC] PHP Stack trace:
[15-Nov-2016 01:32:34 UTC] PHP   1. {main}() /var/www/html/tribe_mng/view_tribe.php:0
[15-Nov-2016 01:32:34 UTC] PHP Notice:  Undefined index: city in /var/www/html/tribe_mng/view_tribe.php on line 72
[15-Nov-2016 01:32:34 UTC] PHP Stack trace:
[15-Nov-2016 01:32:34 UTC] PHP   1. {main}() /var/www/html/tribe_mng/view_tribe.php:0
[15-Nov-2016 01:32:34 UTC] PHP Notice:  Undefined index: city in /var/www/html/tribe_mng/view_tribe.php on line 72
[15-Nov-2016 01:32:34 UTC] PHP Stack trace:
[15-Nov-2016 01:32:34 UTC] PHP   1. {main}() /var/www/html/tribe_mng/view_tribe.php:0
[15-Nov-2016 01:32:34 UTC] PHP Notice:  Undefined index: city in /var/www/html/tribe_mng/view_tribe.php on line 72
[15-Nov-2016 01:32:34 UTC] PHP Stack trace:
[15-Nov-2016 01:32:34 UTC] PHP   1. {main}() /var/www/html/tribe_mng/view_tribe.php:0
[15-Nov-2016 01:32:34 UTC] PHP Notice:  Undefined index: city in /var/www/html/tribe_mng/view_tribe.php on line 72
[15-Nov-2016 01:32:34 UTC] PHP Stack trace:
[15-Nov-2016 01:32:34 UTC] PHP   1. {main}() /var/www/html/tribe_mng/view_tribe.php:0
[15-Nov-2016 01:32:34 UTC] PHP Notice:  Undefined index: city in /var/www/html/tribe_mng/view_tribe.php on line 131
[15-Nov-2016 01:32:34 UTC] PHP Stack trace:
[15-Nov-2016 01:32:34 UTC] PHP   1. {main}() /var/www/html/tribe_mng/view_tribe.php:0
[15-Nov-2016 01:32:34 UTC] PHP Notice:  Undefined index: town in /var/www/html/tribe_mng/view_tribe.php on line 132
[15-Nov-2016 01:32:34 UTC] PHP Stack trace:
[15-Nov-2016 01:32:34 UTC] PHP   1. {main}() /var/www/html/tribe_mng/view_tribe.php:0
[15-Nov-2016 01:32:34 UTC] PHP Notice:  Undefined index: A in /var/www/html/tribe_mng/view_tribe.php on line 133
[15-Nov-2016 01:32:34 UTC] PHP Stack trace:
[15-Nov-2016 01:32:34 UTC] PHP   1. {main}() /var/www/html/tribe_mng/view_tribe.php:0
[15-Nov-2016 01:32:34 UTC] PHP Warning:  date(): It is not safe to rely on the system's timezone settings. You are *required* to use the date.timezone setting or the date_default_timezone_set() function. In case you used any of those methods and you are still getting this warning, you most likely misspelled the timezone identifier. We selected the timezone 'UTC' for now, but please set date.timezone to select your timezone. in /var/www/html/include/bottom.php on line 3
[15-Nov-2016 01:32:34 UTC] PHP Stack trace:
[15-Nov-2016 01:32:34 UTC] PHP   1. {main}() /var/www/html/tribe_mng/view_tribe.php:0
[15-Nov-2016 01:32:34 UTC] PHP   2. include() /var/www/html/tribe_mng/view_tribe.php:234
[15-Nov-2016 01:32:34 UTC] PHP   3. date() /var/www/html/include/bottom.php:3
