[15-Nov-2016 01:39:51 UTC] PHP Notice:  Undefined index: logout in /var/www/html/include/top.php on line 86
[15-Nov-2016 01:39:51 UTC] PHP Stack trace:
[15-Nov-2016 01:39:51 UTC] PHP   1. {main}() /var/www/html/mng_anchor/mng_anchor.php:0
[15-Nov-2016 01:39:51 UTC] PHP   2. include() /var/www/html/mng_anchor/mng_anchor.php:33
[15-Nov-2016 01:39:51 UTC] PHP Notice:  Undefined index: city in /var/www/html/mng_anchor/mng_anchor.php on line 63
[15-Nov-2016 01:39:51 UTC] PHP Stack trace:
[15-Nov-2016 01:39:51 UTC] PHP   1. {main}() /var/www/html/mng_anchor/mng_anchor.php:0
[15-Nov-2016 01:39:51 UTC] PHP Notice:  Undefined index: city in /var/www/html/mng_anchor/mng_anchor.php on line 63
[15-Nov-2016 01:39:51 UTC] PHP Stack trace:
[15-Nov-2016 01:39:51 UTC] PHP   1. {main}() /var/www/html/mng_anchor/mng_anchor.php:0
[15-Nov-2016 01:39:51 UTC] PHP Notice:  Undefined index: city in /var/www/html/mng_anchor/mng_anchor.php on line 63
[15-Nov-2016 01:39:51 UTC] PHP Stack trace:
[15-Nov-2016 01:39:51 UTC] PHP   1. {main}() /var/www/html/mng_anchor/mng_anchor.php:0
[15-Nov-2016 01:39:51 UTC] PHP Notice:  Undefined index: city in /var/www/html/mng_anchor/mng_anchor.php on line 63
[15-Nov-2016 01:39:51 UTC] PHP Stack trace:
[15-Nov-2016 01:39:51 UTC] PHP   1. {main}() /var/www/html/mng_anchor/mng_anchor.php:0
[15-Nov-2016 01:39:51 UTC] PHP Notice:  Undefined index: city in /var/www/html/mng_anchor/mng_anchor.php on line 63
[15-Nov-2016 01:39:51 UTC] PHP Stack trace:
[15-Nov-2016 01:39:51 UTC] PHP   1. {main}() /var/www/html/mng_anchor/mng_anchor.php:0
[15-Nov-2016 01:39:51 UTC] PHP Notice:  Undefined index: city in /var/www/html/mng_anchor/mng_anchor.php on line 63
[15-Nov-2016 01:39:51 UTC] PHP Stack trace:
[15-Nov-2016 01:39:51 UTC] PHP   1. {main}() /var/www/html/mng_anchor/mng_anchor.php:0
[15-Nov-2016 01:39:51 UTC] PHP Notice:  Undefined index: city in /var/www/html/mng_anchor/mng_anchor.php on line 63
[15-Nov-2016 01:39:51 UTC] PHP Stack trace:
[15-Nov-2016 01:39:51 UTC] PHP   1. {main}() /var/www/html/mng_anchor/mng_anchor.php:0
[15-Nov-2016 01:39:51 UTC] PHP Notice:  Undefined index: city in /var/www/html/mng_anchor/mng_anchor.php on line 63
[15-Nov-2016 01:39:51 UTC] PHP Stack trace:
[15-Nov-2016 01:39:51 UTC] PHP   1. {main}() /var/www/html/mng_anchor/mng_anchor.php:0
[15-Nov-2016 01:39:51 UTC] PHP Notice:  Undefined index: city in /var/www/html/mng_anchor/mng_anchor.php on line 63
[15-Nov-2016 01:39:51 UTC] PHP Stack trace:
[15-Nov-2016 01:39:51 UTC] PHP   1. {main}() /var/www/html/mng_anchor/mng_anchor.php:0
[15-Nov-2016 01:39:51 UTC] PHP Notice:  Undefined index: city in /var/www/html/mng_anchor/mng_anchor.php on line 63
[15-Nov-2016 01:39:51 UTC] PHP Stack trace:
[15-Nov-2016 01:39:51 UTC] PHP   1. {main}() /var/www/html/mng_anchor/mng_anchor.php:0
[15-Nov-2016 01:39:51 UTC] PHP Notice:  Undefined index: city in /var/www/html/mng_anchor/mng_anchor.php on line 63
[15-Nov-2016 01:39:51 UTC] PHP Stack trace:
[15-Nov-2016 01:39:51 UTC] PHP   1. {main}() /var/www/html/mng_anchor/mng_anchor.php:0
[15-Nov-2016 01:39:51 UTC] PHP Notice:  Undefined index: city in /var/www/html/mng_anchor/mng_anchor.php on line 63
[15-Nov-2016 01:39:51 UTC] PHP Stack trace:
[15-Nov-2016 01:39:51 UTC] PHP   1. {main}() /var/www/html/mng_anchor/mng_anchor.php:0
[15-Nov-2016 01:39:51 UTC] PHP Notice:  Undefined index: city in /var/www/html/mng_anchor/mng_anchor.php on line 63
[15-Nov-2016 01:39:51 UTC] PHP Stack trace:
[15-Nov-2016 01:39:51 UTC] PHP   1. {main}() /var/www/html/mng_anchor/mng_anchor.php:0
[15-Nov-2016 01:39:51 UTC] PHP Notice:  Undefined index: city in /var/www/html/mng_anchor/mng_anchor.php on line 63
[15-Nov-2016 01:39:51 UTC] PHP Stack trace:
[15-Nov-2016 01:39:51 UTC] PHP   1. {main}() /var/www/html/mng_anchor/mng_anchor.php:0
[15-Nov-2016 01:39:51 UTC] PHP Notice:  Undefined index: city in /var/www/html/mng_anchor/mng_anchor.php on line 63
[15-Nov-2016 01:39:51 UTC] PHP Stack trace:
[15-Nov-2016 01:39:51 UTC] PHP   1. {main}() /var/www/html/mng_anchor/mng_anchor.php:0
[15-Nov-2016 01:39:51 UTC] PHP Notice:  Undefined index: city in /var/www/html/mng_anchor/mng_anchor.php on line 63
[15-Nov-2016 01:39:51 UTC] PHP Stack trace:
[15-Nov-2016 01:39:51 UTC] PHP   1. {main}() /var/www/html/mng_anchor/mng_anchor.php:0
[15-Nov-2016 01:39:51 UTC] PHP Notice:  Undefined index: city in /var/www/html/mng_anchor/mng_anchor.php on line 63
[15-Nov-2016 01:39:51 UTC] PHP Stack trace:
[15-Nov-2016 01:39:51 UTC] PHP   1. {main}() /var/www/html/mng_anchor/mng_anchor.php:0
[15-Nov-2016 01:39:51 UTC] PHP Notice:  Undefined index: city in /var/www/html/mng_anchor/mng_anchor.php on line 63
[15-Nov-2016 01:39:51 UTC] PHP Stack trace:
[15-Nov-2016 01:39:51 UTC] PHP   1. {main}() /var/www/html/mng_anchor/mng_anchor.php:0
[15-Nov-2016 01:39:51 UTC] PHP Notice:  Undefined index: city in /var/www/html/mng_anchor/mng_anchor.php on line 63
[15-Nov-2016 01:39:51 UTC] PHP Stack trace:
[15-Nov-2016 01:39:51 UTC] PHP   1. {main}() /var/www/html/mng_anchor/mng_anchor.php:0
[15-Nov-2016 01:39:51 UTC] PHP Notice:  Undefined index: city in /var/www/html/mng_anchor/mng_anchor.php on line 63
[15-Nov-2016 01:39:51 UTC] PHP Stack trace:
[15-Nov-2016 01:39:51 UTC] PHP   1. {main}() /var/www/html/mng_anchor/mng_anchor.php:0
[15-Nov-2016 01:39:51 UTC] PHP Notice:  Undefined variable: B1 in /var/www/html/mng_anchor/mng_anchor.php on line 104
[15-Nov-2016 01:39:51 UTC] PHP Stack trace:
[15-Nov-2016 01:39:51 UTC] PHP   1. {main}() /var/www/html/mng_anchor/mng_anchor.php:0
[15-Nov-2016 01:39:51 UTC] PHP Notice:  Undefined index: city in /var/www/html/mng_anchor/mng_anchor.php on line 149
[15-Nov-2016 01:39:51 UTC] PHP Stack trace:
[15-Nov-2016 01:39:51 UTC] PHP   1. {main}() /var/www/html/mng_anchor/mng_anchor.php:0
[15-Nov-2016 01:39:51 UTC] PHP Notice:  Undefined index: town in /var/www/html/mng_anchor/mng_anchor.php on line 150
[15-Nov-2016 01:39:51 UTC] PHP Stack trace:
[15-Nov-2016 01:39:51 UTC] PHP   1. {main}() /var/www/html/mng_anchor/mng_anchor.php:0
[15-Nov-2016 01:39:51 UTC] PHP Notice:  Undefined index: tribe in /var/www/html/mng_anchor/mng_anchor.php on line 151
[15-Nov-2016 01:39:51 UTC] PHP Stack trace:
[15-Nov-2016 01:39:51 UTC] PHP   1. {main}() /var/www/html/mng_anchor/mng_anchor.php:0
[15-Nov-2016 01:39:52 UTC] PHP Warning:  date(): It is not safe to rely on the system's timezone settings. You are *required* to use the date.timezone setting or the date_default_timezone_set() function. In case you used any of those methods and you are still getting this warning, you most likely misspelled the timezone identifier. We selected the timezone 'UTC' for now, but please set date.timezone to select your timezone. in /var/www/html/include/bottom.php on line 3
[15-Nov-2016 01:39:52 UTC] PHP Stack trace:
[15-Nov-2016 01:39:52 UTC] PHP   1. {main}() /var/www/html/mng_anchor/mng_anchor.php:0
[15-Nov-2016 01:39:52 UTC] PHP   2. include() /var/www/html/mng_anchor/mng_anchor.php:316
[15-Nov-2016 01:39:52 UTC] PHP   3. date() /var/www/html/include/bottom.php:3
[15-Nov-2016 01:40:01 UTC] PHP Notice:  Undefined index: logout in /var/www/html/include/top.php on line 86
[15-Nov-2016 01:40:01 UTC] PHP Stack trace:
[15-Nov-2016 01:40:01 UTC] PHP   1. {main}() /var/www/html/mng_anchor/fix_anchor.php:0
[15-Nov-2016 01:40:01 UTC] PHP   2. include() /var/www/html/mng_anchor/fix_anchor.php:18
[15-Nov-2016 01:40:01 UTC] PHP Warning:  date(): It is not safe to rely on the system's timezone settings. You are *required* to use the date.timezone setting or the date_default_timezone_set() function. In case you used any of those methods and you are still getting this warning, you most likely misspelled the timezone identifier. We selected the timezone 'UTC' for now, but please set date.timezone to select your timezone. in /var/www/html/include/bottom.php on line 3
[15-Nov-2016 01:40:01 UTC] PHP Stack trace:
[15-Nov-2016 01:40:01 UTC] PHP   1. {main}() /var/www/html/mng_anchor/fix_anchor.php:0
[15-Nov-2016 01:40:01 UTC] PHP   2. include() /var/www/html/mng_anchor/fix_anchor.php:119
[15-Nov-2016 01:40:01 UTC] PHP   3. date() /var/www/html/include/bottom.php:3
[15-Nov-2016 01:40:36 UTC] PHP Notice:  Undefined index: logout in /var/www/html/include/top.php on line 86
[15-Nov-2016 01:40:36 UTC] PHP Stack trace:
[15-Nov-2016 01:40:36 UTC] PHP   1. {main}() /var/www/html/mng_anchor/mng_anchor.php:0
[15-Nov-2016 01:40:36 UTC] PHP   2. include() /var/www/html/mng_anchor/mng_anchor.php:33
[15-Nov-2016 01:40:36 UTC] PHP Notice:  Undefined index: city in /var/www/html/mng_anchor/mng_anchor.php on line 63
[15-Nov-2016 01:40:36 UTC] PHP Stack trace:
[15-Nov-2016 01:40:36 UTC] PHP   1. {main}() /var/www/html/mng_anchor/mng_anchor.php:0
[15-Nov-2016 01:40:36 UTC] PHP Notice:  Undefined index: city in /var/www/html/mng_anchor/mng_anchor.php on line 63
[15-Nov-2016 01:40:36 UTC] PHP Stack trace:
[15-Nov-2016 01:40:36 UTC] PHP   1. {main}() /var/www/html/mng_anchor/mng_anchor.php:0
[15-Nov-2016 01:40:36 UTC] PHP Notice:  Undefined index: city in /var/www/html/mng_anchor/mng_anchor.php on line 63
[15-Nov-2016 01:40:36 UTC] PHP Stack trace:
[15-Nov-2016 01:40:36 UTC] PHP   1. {main}() /var/www/html/mng_anchor/mng_anchor.php:0
[15-Nov-2016 01:40:36 UTC] PHP Notice:  Undefined index: city in /var/www/html/mng_anchor/mng_anchor.php on line 63
[15-Nov-2016 01:40:36 UTC] PHP Stack trace:
[15-Nov-2016 01:40:36 UTC] PHP   1. {main}() /var/www/html/mng_anchor/mng_anchor.php:0
[15-Nov-2016 01:40:36 UTC] PHP Notice:  Undefined index: city in /var/www/html/mng_anchor/mng_anchor.php on line 63
[15-Nov-2016 01:40:36 UTC] PHP Stack trace:
[15-Nov-2016 01:40:36 UTC] PHP   1. {main}() /var/www/html/mng_anchor/mng_anchor.php:0
[15-Nov-2016 01:40:36 UTC] PHP Notice:  Undefined index: city in /var/www/html/mng_anchor/mng_anchor.php on line 63
[15-Nov-2016 01:40:36 UTC] PHP Stack trace:
[15-Nov-2016 01:40:36 UTC] PHP   1. {main}() /var/www/html/mng_anchor/mng_anchor.php:0
[15-Nov-2016 01:40:36 UTC] PHP Notice:  Undefined index: city in /var/www/html/mng_anchor/mng_anchor.php on line 63
[15-Nov-2016 01:40:36 UTC] PHP Stack trace:
[15-Nov-2016 01:40:36 UTC] PHP   1. {main}() /var/www/html/mng_anchor/mng_anchor.php:0
[15-Nov-2016 01:40:36 UTC] PHP Notice:  Undefined index: city in /var/www/html/mng_anchor/mng_anchor.php on line 63
[15-Nov-2016 01:40:36 UTC] PHP Stack trace:
[15-Nov-2016 01:40:36 UTC] PHP   1. {main}() /var/www/html/mng_anchor/mng_anchor.php:0
[15-Nov-2016 01:40:36 UTC] PHP Notice:  Undefined index: city in /var/www/html/mng_anchor/mng_anchor.php on line 63
[15-Nov-2016 01:40:36 UTC] PHP Stack trace:
[15-Nov-2016 01:40:36 UTC] PHP   1. {main}() /var/www/html/mng_anchor/mng_anchor.php:0
[15-Nov-2016 01:40:36 UTC] PHP Notice:  Undefined index: city in /var/www/html/mng_anchor/mng_anchor.php on line 63
[15-Nov-2016 01:40:36 UTC] PHP Stack trace:
[15-Nov-2016 01:40:36 UTC] PHP   1. {main}() /var/www/html/mng_anchor/mng_anchor.php:0
[15-Nov-2016 01:40:36 UTC] PHP Notice:  Undefined index: city in /var/www/html/mng_anchor/mng_anchor.php on line 63
[15-Nov-2016 01:40:36 UTC] PHP Stack trace:
[15-Nov-2016 01:40:36 UTC] PHP   1. {main}() /var/www/html/mng_anchor/mng_anchor.php:0
[15-Nov-2016 01:40:36 UTC] PHP Notice:  Undefined index: city in /var/www/html/mng_anchor/mng_anchor.php on line 63
[15-Nov-2016 01:40:36 UTC] PHP Stack trace:
[15-Nov-2016 01:40:36 UTC] PHP   1. {main}() /var/www/html/mng_anchor/mng_anchor.php:0
[15-Nov-2016 01:40:36 UTC] PHP Notice:  Undefined index: city in /var/www/html/mng_anchor/mng_anchor.php on line 63
[15-Nov-2016 01:40:36 UTC] PHP Stack trace:
[15-Nov-2016 01:40:36 UTC] PHP   1. {main}() /var/www/html/mng_anchor/mng_anchor.php:0
[15-Nov-2016 01:40:36 UTC] PHP Notice:  Undefined index: city in /var/www/html/mng_anchor/mng_anchor.php on line 63
[15-Nov-2016 01:40:36 UTC] PHP Stack trace:
[15-Nov-2016 01:40:36 UTC] PHP   1. {main}() /var/www/html/mng_anchor/mng_anchor.php:0
[15-Nov-2016 01:40:36 UTC] PHP Notice:  Undefined index: city in /var/www/html/mng_anchor/mng_anchor.php on line 63
[15-Nov-2016 01:40:36 UTC] PHP Stack trace:
[15-Nov-2016 01:40:36 UTC] PHP   1. {main}() /var/www/html/mng_anchor/mng_anchor.php:0
[15-Nov-2016 01:40:36 UTC] PHP Notice:  Undefined index: city in /var/www/html/mng_anchor/mng_anchor.php on line 63
[15-Nov-2016 01:40:36 UTC] PHP Stack trace:
[15-Nov-2016 01:40:36 UTC] PHP   1. {main}() /var/www/html/mng_anchor/mng_anchor.php:0
[15-Nov-2016 01:40:36 UTC] PHP Notice:  Undefined index: city in /var/www/html/mng_anchor/mng_anchor.php on line 63
[15-Nov-2016 01:40:36 UTC] PHP Stack trace:
[15-Nov-2016 01:40:36 UTC] PHP   1. {main}() /var/www/html/mng_anchor/mng_anchor.php:0
[15-Nov-2016 01:40:36 UTC] PHP Notice:  Undefined index: city in /var/www/html/mng_anchor/mng_anchor.php on line 63
[15-Nov-2016 01:40:36 UTC] PHP Stack trace:
[15-Nov-2016 01:40:36 UTC] PHP   1. {main}() /var/www/html/mng_anchor/mng_anchor.php:0
[15-Nov-2016 01:40:36 UTC] PHP Notice:  Undefined index: city in /var/www/html/mng_anchor/mng_anchor.php on line 63
[15-Nov-2016 01:40:36 UTC] PHP Stack trace:
[15-Nov-2016 01:40:36 UTC] PHP   1. {main}() /var/www/html/mng_anchor/mng_anchor.php:0
[15-Nov-2016 01:40:36 UTC] PHP Notice:  Undefined index: city in /var/www/html/mng_anchor/mng_anchor.php on line 63
[15-Nov-2016 01:40:36 UTC] PHP Stack trace:
[15-Nov-2016 01:40:36 UTC] PHP   1. {main}() /var/www/html/mng_anchor/mng_anchor.php:0
[15-Nov-2016 01:40:36 UTC] PHP Notice:  Undefined variable: B1 in /var/www/html/mng_anchor/mng_anchor.php on line 104
[15-Nov-2016 01:40:36 UTC] PHP Stack trace:
[15-Nov-2016 01:40:36 UTC] PHP   1. {main}() /var/www/html/mng_anchor/mng_anchor.php:0
[15-Nov-2016 01:40:36 UTC] PHP Notice:  Undefined index: city in /var/www/html/mng_anchor/mng_anchor.php on line 149
[15-Nov-2016 01:40:36 UTC] PHP Stack trace:
[15-Nov-2016 01:40:36 UTC] PHP   1. {main}() /var/www/html/mng_anchor/mng_anchor.php:0
[15-Nov-2016 01:40:36 UTC] PHP Notice:  Undefined index: town in /var/www/html/mng_anchor/mng_anchor.php on line 150
[15-Nov-2016 01:40:36 UTC] PHP Stack trace:
[15-Nov-2016 01:40:36 UTC] PHP   1. {main}() /var/www/html/mng_anchor/mng_anchor.php:0
[15-Nov-2016 01:40:36 UTC] PHP Notice:  Undefined index: tribe in /var/www/html/mng_anchor/mng_anchor.php on line 151
[15-Nov-2016 01:40:36 UTC] PHP Stack trace:
[15-Nov-2016 01:40:36 UTC] PHP   1. {main}() /var/www/html/mng_anchor/mng_anchor.php:0
[15-Nov-2016 01:40:36 UTC] PHP Warning:  date(): It is not safe to rely on the system's timezone settings. You are *required* to use the date.timezone setting or the date_default_timezone_set() function. In case you used any of those methods and you are still getting this warning, you most likely misspelled the timezone identifier. We selected the timezone 'UTC' for now, but please set date.timezone to select your timezone. in /var/www/html/include/bottom.php on line 3
[15-Nov-2016 01:40:36 UTC] PHP Stack trace:
[15-Nov-2016 01:40:36 UTC] PHP   1. {main}() /var/www/html/mng_anchor/mng_anchor.php:0
[15-Nov-2016 01:40:36 UTC] PHP   2. include() /var/www/html/mng_anchor/mng_anchor.php:316
[15-Nov-2016 01:40:36 UTC] PHP   3. date() /var/www/html/include/bottom.php:3
[15-Nov-2016 01:40:44 UTC] PHP Notice:  Undefined index: logout in /var/www/html/include/top.php on line 86
[15-Nov-2016 01:40:44 UTC] PHP Stack trace:
[15-Nov-2016 01:40:44 UTC] PHP   1. {main}() /var/www/html/mng_anchor/fix_anchor.php:0
[15-Nov-2016 01:40:44 UTC] PHP   2. include() /var/www/html/mng_anchor/fix_anchor.php:18
[15-Nov-2016 01:40:44 UTC] PHP Warning:  date(): It is not safe to rely on the system's timezone settings. You are *required* to use the date.timezone setting or the date_default_timezone_set() function. In case you used any of those methods and you are still getting this warning, you most likely misspelled the timezone identifier. We selected the timezone 'UTC' for now, but please set date.timezone to select your timezone. in /var/www/html/include/bottom.php on line 3
[15-Nov-2016 01:40:44 UTC] PHP Stack trace:
[15-Nov-2016 01:40:44 UTC] PHP   1. {main}() /var/www/html/mng_anchor/fix_anchor.php:0
[15-Nov-2016 01:40:44 UTC] PHP   2. include() /var/www/html/mng_anchor/fix_anchor.php:119
[15-Nov-2016 01:40:44 UTC] PHP   3. date() /var/www/html/include/bottom.php:3
